This is pdfTeX, Version 3.141592653-2.6-1.40.29 (TeX Live 2026) (preloaded format=pdflatex 2026.6.18)  18 JUN 2026 19:29
entering extended mode
 restricted \write18 enabled.
 %&-line parsing enabled.
**25424971Question1.tex
(./25424971Question1.tex
LaTeX2e <2026-06-01>
L3 programming layer <2026-05-26>
(/Users/liezljansenvanrensburg/Library/TinyTeX/texmf-dist/tex/latex/elsarticle/elsarticle.cls
Document Class: elsarticle 2026/01/09, 3.5: Elsevier Ltd
(/Users/liezljansenvanrensburg/Library/TinyTeX/texmf-dist/tex/latex/base/fontenc.sty
Package: fontenc 2025/07/18 v2.1d Standard LaTeX package
) (/Users/liezljansenvanrensburg/Library/TinyTeX/texmf-dist/tex/latex/l3kernel/expl3.sty
Package: expl3 2026-05-26 L3 programming layer (loader) 
(/Users/liezljansenvanrensburg/Library/TinyTeX/texmf-dist/tex/latex/l3backend/l3backend-pdftex.def
File: l3backend-pdftex.def 2026-02-18 L3 backend support: PDF output (pdfTeX)
\l__color_backend_stack_int=\count276
)) (/Users/liezljansenvanrensburg/Library/TinyTeX/texmf-dist/tex/latex/l3packages/xparse/xparse.sty
Package: xparse 2025-10-09 L3 Experimental document command parser
) (/Users/liezljansenvanrensburg/Library/TinyTeX/texmf-dist/tex/latex/etoolbox/etoolbox.sty
Package: etoolbox 2025/10/02 v2.5m e-TeX tools for LaTeX (JAW)
\etb@tempcnta=\count277
)
\@bls=\dimen150
(/Users/liezljansenvanrensburg/Library/TinyTeX/texmf-dist/tex/latex/base/article.cls
Document Class: article 2025/01/22 v1.4n Standard LaTeX document class
(/Users/liezljansenvanrensburg/Library/TinyTeX/texmf-dist/tex/latex/base/size11.clo
File: size11.clo 2025/01/22 v1.4n Standard LaTeX file (size option)
)
\c@part=\count278
\c@section=\count279
\c@subsection=\count280
\c@subsubsection=\count281
\c@paragraph=\count282
\c@subparagraph=\count283
\c@figure=\count284
\c@table=\count285
\abovecaptionskip=\skip49
\belowcaptionskip=\skip50
\bibindent=\dimen151
) (/Users/liezljansenvanrensburg/Library/TinyTeX/texmf-dist/tex/latex/graphics/graphicx.sty
Package: graphicx 2026-05-17 v1.2e Enhanced LaTeX Graphics (DPC,SPQR)
(/Users/liezljansenvanrensburg/Library/TinyTeX/texmf-dist/tex/latex/graphics/keyval.sty
Package: keyval 2026-05-17 v1.15 key=value parser (DPC)
\KV@toks@=\toks17
) (/Users/liezljansenvanrensburg/Library/TinyTeX/texmf-dist/tex/latex/graphics/graphics.sty
Package: graphics 2026-05-17 v1.4h Standard LaTeX Graphics (DPC,SPQR)
(/Users/liezljansenvanrensburg/Library/TinyTeX/texmf-dist/tex/latex/graphics/trig.sty
Package: trig 2023/12/02 v1.11 sin cos tan (DPC)
) (/Users/liezljansenvanrensburg/Library/TinyTeX/texmf-dist/tex/latex/graphics-cfg/graphics.cfg
File: graphics.cfg 2016/06/04 v1.11 sample graphics configuration
)
Package graphics Info: Driver file: pdftex.def on input line 106.
(/Users/liezljansenvanrensburg/Library/TinyTeX/texmf-dist/tex/latex/graphics-def/pdftex.def
File: pdftex.def 2025/09/29 v1.2d Graphics/color driver for pdftex
))
\Gin@req@height=\dimen152
\Gin@req@width=\dimen153
)
\c@tnote=\count286
\c@fnote=\count287
\c@cnote=\count288
\c@ead=\count289
\c@elsarticle@author=\count290
\@eadauthor=\toks18
\c@affn=\count291
\absbox=\box53
\elsarticlehighlightsbox=\box54
\elsarticlegrabsbox=\box55
\keybox=\box56
\Columnwidth=\dimen154
\space@left=\dimen155
\els@boxa=\box57
\els@boxb=\box58
\leftMargin=\dimen156
\@enLab=\toks19
\@sep=\skip51
\@@sep=\skip52
(./25424971Question1.spl) (/Users/liezljansenvanrensburg/Library/TinyTeX/texmf-dist/tex/latex/natbib/natbib.sty
Package: natbib 2010/09/13 8.31b (PWD, AO)
\bibhang=\skip53
\bibsep=\skip54
LaTeX Info: Redefining \cite on input line 694.
\c@NAT@ctr=\count292
)
\splwrite=\write3
\openout3 = `25424971Question1.spl'.

\appnamewidth=\dimen157
) (/Users/liezljansenvanrensburg/Library/TinyTeX/texmf-dist/tex/latex/lm/lmodern.sty
Package: lmodern 2015/05/01 v1.6.1 Latin Modern Fonts
LaTeX Font Info:    Overwriting symbol font `operators' in version `normal'
(Font)                  OT1/cmr/m/n --> OT1/lmr/m/n on input line 22.
LaTeX Font Info:    Overwriting symbol font `letters' in version `normal'
(Font)                  OML/cmm/m/it --> OML/lmm/m/it on input line 23.
LaTeX Font Info:    Overwriting symbol font `symbols' in version `normal'
(Font)                  OMS/cmsy/m/n --> OMS/lmsy/m/n on input line 24.
LaTeX Font Info:    Overwriting symbol font `largesymbols' in version `normal'
(Font)                  OMX/cmex/m/n --> OMX/lmex/m/n on input line 25.
LaTeX Font Info:    Overwriting symbol font `operators' in version `bold'
(Font)                  OT1/cmr/bx/n --> OT1/lmr/bx/n on input line 26.
LaTeX Font Info:    Overwriting symbol font `letters' in version `bold'
(Font)                  OML/cmm/b/it --> OML/lmm/b/it on input line 27.
LaTeX Font Info:    Overwriting symbol font `symbols' in version `bold'
(Font)                  OMS/cmsy/b/n --> OMS/lmsy/b/n on input line 28.
LaTeX Font Info:    Overwriting symbol font `largesymbols' in version `bold'
(Font)                  OMX/cmex/m/n --> OMX/lmex/m/n on input line 29.
LaTeX Font Info:    Overwriting math alphabet `\mathbf' in version `normal'
(Font)                  OT1/cmr/bx/n --> OT1/lmr/bx/n on input line 31.
LaTeX Font Info:    Overwriting math alphabet `\mathsf' in version `normal'
(Font)                  OT1/cmss/m/n --> OT1/lmss/m/n on input line 32.
LaTeX Font Info:    Overwriting math alphabet `\mathit' in version `normal'
(Font)                  OT1/cmr/m/it --> OT1/lmr/m/it on input line 33.
LaTeX Font Info:    Overwriting math alphabet `\mathtt' in version `normal'
(Font)                  OT1/cmtt/m/n --> OT1/lmtt/m/n on input line 34.
LaTeX Font Info:    Overwriting math alphabet `\mathbf' in version `bold'
(Font)                  OT1/cmr/bx/n --> OT1/lmr/bx/n on input line 35.
LaTeX Font Info:    Overwriting math alphabet `\mathsf' in version `bold'
(Font)                  OT1/cmss/bx/n --> OT1/lmss/bx/n on input line 36.
LaTeX Font Info:    Overwriting math alphabet `\mathit' in version `bold'
(Font)                  OT1/cmr/bx/it --> OT1/lmr/bx/it on input line 37.
LaTeX Font Info:    Overwriting math alphabet `\mathtt' in version `bold'
(Font)                  OT1/cmtt/m/n --> OT1/lmtt/m/n on input line 38.
) (/Users/liezljansenvanrensburg/Library/TinyTeX/texmf-dist/tex/latex/setspace/setspace.sty
Package: setspace 2022/12/04 v6.7b set line spacing
) (/Users/liezljansenvanrensburg/Library/TinyTeX/texmf-dist/tex/latex/float/float.sty
Package: float 2001/11/08 v1.3d Float enhancements (AL)
\c@float@type=\count293
\float@exts=\toks20
\float@box=\box59
\@float@everytoks=\toks21
\@floatcapt=\box60
) (/Users/liezljansenvanrensburg/Library/TinyTeX/texmf-dist/tex/generic/iftex/ifxetex.sty
Package: ifxetex 2019/10/25 v0.7 ifxetex legacy package. Use iftex instead.
(/Users/liezljansenvanrensburg/Library/TinyTeX/texmf-dist/tex/generic/iftex/iftex.sty
Package: iftex 2024/12/12 v1.0g TeX engine tests
)) (/Users/liezljansenvanrensburg/Library/TinyTeX/texmf-dist/tex/generic/iftex/ifluatex.sty
Package: ifluatex 2019/10/25 v1.5 ifluatex legacy package. Use iftex instead.
) (/Users/liezljansenvanrensburg/Library/TinyTeX/texmf-dist/tex/latex/base/fixltx2e.sty
Package: fixltx2e 2016/12/29 v2.1a fixes to LaTeX (obsolete)
Applying: [2015/01/01] Old fixltx2e package on input line 46.

Package fixltx2e Warning: fixltx2e is not required with releases after 2015
(fixltx2e)                All fixes are now in the LaTeX kernel.
(fixltx2e)                See the latexrelease package for details.

Already applied: [0000/00/00] Old fixltx2e package on input line 53.
) (/Users/liezljansenvanrensburg/Library/TinyTeX/texmf-dist/tex/latex/base/fontenc.sty
Package: fontenc 2025/07/18 v2.1d Standard LaTeX package
LaTeX Font Info:    Trying to load font information for T1+lmr on input line 116.
(/Users/liezljansenvanrensburg/Library/TinyTeX/texmf-dist/tex/latex/lm/t1lmr.fd
File: t1lmr.fd 2015/05/01 v1.6.1 Font defs for Latin Modern
)) (/Users/liezljansenvanrensburg/Library/TinyTeX/texmf-dist/tex/latex/base/inputenc.sty
Package: inputenc 2024/02/08 v1.3d Input encoding file
\inpenc@prehook=\toks22
\inpenc@posthook=\toks23
) (/Users/liezljansenvanrensburg/Library/TinyTeX/texmf-dist/tex/latex/amsfonts/amssymb.sty
Package: amssymb 2013/01/14 v3.01 AMS font symbols
(/Users/liezljansenvanrensburg/Library/TinyTeX/texmf-dist/tex/latex/amsfonts/amsfonts.sty
Package: amsfonts 2013/01/14 v3.01 Basic AMSFonts support
\@emptytoks=\toks24
\symAMSa=\mathgroup4
\symAMSb=\mathgroup5
LaTeX Font Info:    Redeclaring math symbol \hbar on input line 98.
LaTeX Font Info:    Overwriting math alphabet `\mathfrak' in version `bold'
(Font)                  U/euf/m/n --> U/euf/b/n on input line 106.
)) (/Users/liezljansenvanrensburg/Library/TinyTeX/texmf-dist/tex/latex/amsmath/amsmath.sty
Package: amsmath 2026/05/19 v2.18d AMS math features
\@mathmargin=\skip55
For additional information on amsmath, use the `?' option.
(/Users/liezljansenvanrensburg/Library/TinyTeX/texmf-dist/tex/latex/amsmath/amstext.sty
Package: amstext 2024/11/17 v2.01 AMS text
(/Users/liezljansenvanrensburg/Library/TinyTeX/texmf-dist/tex/latex/amsmath/amsgen.sty
File: amsgen.sty 1999/11/30 v2.0 generic functions
\@emptytoks=\toks25
\ex@=\dimen158
)) (/Users/liezljansenvanrensburg/Library/TinyTeX/texmf-dist/tex/latex/amsmath/amsbsy.sty
Package: amsbsy 1999/11/29 v1.2d Bold Symbols
\pmbraise@=\dimen159
) (/Users/liezljansenvanrensburg/Library/TinyTeX/texmf-dist/tex/latex/amsmath/amsopn.sty
Package: amsopn 2022/04/08 v2.04 operator names
)
\inf@bad=\count294
LaTeX Info: Redefining \frac on input line 233.
\uproot@=\count295
\leftroot@=\count296
LaTeX Info: Redefining \overline on input line 398.
LaTeX Info: Redefining \colon on input line 409.
\classnum@=\count297
\DOTSCASE@=\count298
LaTeX Info: Redefining \ldots on input line 495.
LaTeX Info: Redefining \dots on input line 498.
LaTeX Info: Redefining \cdots on input line 619.
\Mathstrutbox@=\box61
\strutbox@=\box62
LaTeX Info: Redefining \big on input line 721.
LaTeX Info: Redefining \Big on input line 722.
LaTeX Info: Redefining \bigg on input line 723.
LaTeX Info: Redefining \Bigg on input line 724.
\big@size=\dimen160
LaTeX Font Info:    Redeclaring font encoding OML on input line 742.
LaTeX Font Info:    Redeclaring font encoding OMS on input line 743.
\macc@depth=\count299
LaTeX Info: Redefining \bmod on input line 904.
LaTeX Info: Redefining \pmod on input line 909.
LaTeX Info: Redefining \smash on input line 939.
LaTeX Info: Redefining \relbar on input line 969.
LaTeX Info: Redefining \Relbar on input line 970.
\c@MaxMatrixCols=\count300
\dotsspace@=\muskip17
\c@parentequation=\count301
\dspbrk@lvl=\count302
\tag@help=\toks26
\row@=\count303
\column@=\count304
\maxfields@=\count305
\andhelp@=\toks27
\eqnshift@=\dimen161
\alignsep@=\dimen162
\tagshift@=\dimen163
\tagwidth@=\dimen164
\totwidth@=\dimen165
\lineht@=\dimen166
\@envbody=\toks28
\multlinegap=\skip56
\multlinetaggap=\skip57
\mathdisplay@stack=\toks29
LaTeX Info: Redefining \[ on input line 2965.
LaTeX Info: Redefining \] on input line 2966.
) (/Users/liezljansenvanrensburg/Library/TinyTeX/texmf-dist/tex/latex/amscls/amsthm.sty
Package: amsthm 2020/05/29 v2.20.6
\thm@style=\toks30
\thm@bodyfont=\toks31
\thm@headfont=\toks32
\thm@notefont=\toks33
\thm@headpunct=\toks34
\thm@preskip=\skip58
\thm@postskip=\skip59
\thm@headsep=\skip60
\dth@everypar=\toks35
LaTeX Info: Redefining \qed on input line 273.
) (/Users/liezljansenvanrensburg/Library/TinyTeX/texmf-dist/tex/latex/tools/longtable.sty
Package: longtable 2026-01-28 v4.27 Multi-page Table package (DPC)
\LTleft=\skip61
\LTright=\skip62
\LTpre=\skip63
\LTpost=\skip64
\LTchunksize=\count306
\LTcapwidth=\dimen167
\LT@head=\box63
\LT@firsthead=\box64
\LT@foot=\box65
\LT@lastfoot=\box66
\LT@gbox=\box67
\LT@cols=\count307
\LT@rows=\count308
\c@LT@tables=\count309
\c@LT@chunks=\count310
\LT@p@ftn=\toks36
) (/Users/liezljansenvanrensburg/Library/TinyTeX/texmf-dist/tex/latex/geometry/geometry.sty
Package: geometry 2026/03/07 v6.0 Page Geometry
(/Users/liezljansenvanrensburg/Library/TinyTeX/texmf-dist/tex/generic/iftex/ifvtex.sty
Package: ifvtex 2019/10/25 v1.7 ifvtex legacy package. Use iftex instead.
)
\Gm@cnth=\count311
\Gm@cntv=\count312
\c@Gm@tempcnt=\count313
\Gm@bindingoffset=\dimen168
\Gm@wd@mp=\dimen169
\Gm@odd@mp=\dimen170
\Gm@even@mp=\dimen171
\Gm@layoutwidth=\dimen172
\Gm@layoutheight=\dimen173
\Gm@layouthoffset=\dimen174
\Gm@layoutvoffset=\dimen175
\Gm@dimlist=\toks37
) (/Users/liezljansenvanrensburg/Library/TinyTeX/texmf-dist/tex/latex/fancyhdr/fancyhdr.sty
Package: fancyhdr 2025/02/07 v5.2 Extensive control of page headers and footers
\f@nch@headwidth=\skip65
\f@nch@offset@elh=\skip66
\f@nch@offset@erh=\skip67
\f@nch@offset@olh=\skip68
\f@nch@offset@orh=\skip69
\f@nch@offset@elf=\skip70
\f@nch@offset@erf=\skip71
\f@nch@offset@olf=\skip72
\f@nch@offset@orf=\skip73
\f@nch@height=\skip74
\f@nch@footalignment=\skip75
\f@nch@widthL=\skip76
\f@nch@widthC=\skip77
\f@nch@widthR=\skip78
\@temptokenb=\toks38
) (/Users/liezljansenvanrensburg/Library/TinyTeX/texmf-dist/tex/latex/footmisc/footmisc.sty
Package: footmisc 2025/05/09 v7.0b a miscellany of footnote facilities
\FN@temptoken=\toks39
\footnotemargin=\dimen176
Package footmisc Info: Declaring symbol style bringhurst on input line 549.
Package footmisc Info: Declaring symbol style chicago on input line 557.
Package footmisc Info: Declaring symbol style wiley on input line 566.
Package footmisc Info: Declaring symbol style lamport-robust on input line 577.
Package footmisc Info: Declaring symbol style lamport* on input line 597.
Package footmisc Info: Declaring symbol style lamport*-robust on input line 618.
) (/Users/liezljansenvanrensburg/Library/TinyTeX/texmf-dist/tex/latex/base/textcomp.sty
Package: textcomp 2024/04/24 v2.1b Standard LaTeX package
) (/Users/liezljansenvanrensburg/Library/TinyTeX/texmf-dist/tex/latex/tools/array.sty
Package: array 2026/02/24 v2.7b Tabular extension package (FMi)
\col@sep=\dimen177
\ar@mcellbox=\box68
\extrarowheight=\dimen178
\NC@list=\toks40
\extratabsurround=\skip79
\backup@length=\skip80
\ar@cellbox=\box69
) (/Users/liezljansenvanrensburg/Library/TinyTeX/texmf-dist/tex/latex/hyperref/hyperref.sty
Package: hyperref 2026-04-24 v7.01q Hypertext links for LaTeX
(/Users/liezljansenvanrensburg/Library/TinyTeX/texmf-dist/tex/latex/kvsetkeys/kvsetkeys.sty
Package: kvsetkeys 2022-10-05 v1.19 Key value parser (HO)
) (/Users/liezljansenvanrensburg/Library/TinyTeX/texmf-dist/tex/generic/kvdefinekeys/kvdefinekeys.sty
Package: kvdefinekeys 2019-12-19 v1.6 Define keys (HO)
) (/Users/liezljansenvanrensburg/Library/TinyTeX/texmf-dist/tex/generic/pdfescape/pdfescape.sty
Package: pdfescape 2019/12/09 v1.15 Implements pdfTeX's escape features (HO)
(/Users/liezljansenvanrensburg/Library/TinyTeX/texmf-dist/tex/generic/ltxcmds/ltxcmds.sty
Package: ltxcmds 2023-12-04 v1.26 LaTeX kernel commands for general use (HO)
) (/Users/liezljansenvanrensburg/Library/TinyTeX/texmf-dist/tex/generic/pdftexcmds/pdftexcmds.sty
Package: pdftexcmds 2020-06-27 v0.33 Utility functions of pdfTeX for LuaTeX (HO)
(/Users/liezljansenvanrensburg/Library/TinyTeX/texmf-dist/tex/generic/infwarerr/infwarerr.sty
Package: infwarerr 2019/12/03 v1.5 Providing info/warning/error messages (HO)
)
Package pdftexcmds Info: \pdf@primitive is available.
Package pdftexcmds Info: \pdf@ifprimitive is available.
Package pdftexcmds Info: \pdfdraftmode found.
)) (/Users/liezljansenvanrensburg/Library/TinyTeX/texmf-dist/tex/latex/hycolor/hycolor.sty
Package: hycolor 2020-01-27 v1.10 Color options for hyperref/bookmark (HO)
) (/Users/liezljansenvanrensburg/Library/TinyTeX/texmf-dist/tex/latex/hyperref/nameref.sty
Package: nameref 2026-01-29 v2.58 Cross-referencing by name of section
(/Users/liezljansenvanrensburg/Library/TinyTeX/texmf-dist/tex/latex/refcount/refcount.sty
Package: refcount 2019/12/15 v3.6 Data extraction from label references (HO)
) (/Users/liezljansenvanrensburg/Library/TinyTeX/texmf-dist/tex/generic/gettitlestring/gettitlestring.sty
Package: gettitlestring 2019/12/15 v1.6 Cleanup title references (HO)
(/Users/liezljansenvanrensburg/Library/TinyTeX/texmf-dist/tex/latex/kvoptions/kvoptions.sty
Package: kvoptions 2022-06-15 v3.15 Key value format for package options (HO)
))
\c@section@level=\count314
) (/Users/liezljansenvanrensburg/Library/TinyTeX/texmf-dist/tex/generic/stringenc/stringenc.sty
Package: stringenc 2019/11/29 v1.12 Convert strings between diff. encodings (HO)
)
\@linkdim=\dimen179
\Hy@linkcounter=\count315
\Hy@pagecounter=\count316
(/Users/liezljansenvanrensburg/Library/TinyTeX/texmf-dist/tex/latex/hyperref/pd1enc.def
File: pd1enc.def 2026-04-24 v7.01q Hyperref: PDFDocEncoding definition (HO)
Now handling font encoding PD1 ...
... no UTF-8 mapping file for font encoding PD1
) (/Users/liezljansenvanrensburg/Library/TinyTeX/texmf-dist/tex/generic/intcalc/intcalc.sty
Package: intcalc 2019/12/15 v1.3 Expandable calculations with integers (HO)
)
\Hy@SavedSpaceFactor=\count317
(/Users/liezljansenvanrensburg/Library/TinyTeX/texmf-dist/tex/latex/hyperref/puenc.def
File: puenc.def 2026-04-24 v7.01q Hyperref: PDF Unicode definition (HO)
Now handling font encoding PU ...
... no UTF-8 mapping file for font encoding PU
)
Package hyperref Info: Hyper figures OFF on input line 4199.
Package hyperref Info: Link nesting OFF on input line 4204.
Package hyperref Info: Hyper index ON on input line 4207.
Package hyperref Info: Plain pages OFF on input line 4214.
Package hyperref Info: Backreferencing OFF on input line 4219.
Package hyperref Info: Implicit mode ON; LaTeX internals redefined.
Package hyperref Info: Bookmarks ON on input line 4466.
\c@Hy@tempcnt=\count318
(/Users/liezljansenvanrensburg/Library/TinyTeX/texmf-dist/tex/latex/url/url.sty
\Urlmuskip=\muskip18
Package: url 2013/09/16  ver 3.4  Verb mode for urls, etc.
)
LaTeX Info: Redefining \url on input line 4805.
\XeTeXLinkMargin=\dimen180
(/Users/liezljansenvanrensburg/Library/TinyTeX/texmf-dist/tex/generic/bitset/bitset.sty
Package: bitset 2019/12/09 v1.3 Handle bit-vector datatype (HO)
(/Users/liezljansenvanrensburg/Library/TinyTeX/texmf-dist/tex/generic/bigintcalc/bigintcalc.sty
Package: bigintcalc 2019/12/15 v1.5 Expandable calculations on big integers (HO)
))
\Fld@menulength=\count319
\Field@Width=\dimen181
\Fld@charsize=\dimen182
Package hyperref Info: Hyper figures OFF on input line 6091.
Package hyperref Info: Link nesting OFF on input line 6096.
Package hyperref Info: Hyper index ON on input line 6099.
Package hyperref Info: backreferencing OFF on input line 6106.
Package hyperref Info: Link coloring OFF on input line 6111.
Package hyperref Info: Link coloring with OCG OFF on input line 6116.
Package hyperref Info: PDF/A mode OFF on input line 6121.
\Hy@abspage=\count320
\c@Item=\count321
\c@Hfootnote=\count322
)
Package hyperref Info: Driver (autodetected): hpdftex.
(/Users/liezljansenvanrensburg/Library/TinyTeX/texmf-dist/tex/latex/hyperref/hpdftex.def
File: hpdftex.def 2026-04-24 v7.01q Hyperref driver for pdfTeX
\Fld@listcount=\count323
\c@bookmark@seq@number=\count324
(/Users/liezljansenvanrensburg/Library/TinyTeX/texmf-dist/tex/latex/rerunfilecheck/rerunfilecheck.sty
Package: rerunfilecheck 2025-06-21 v1.11 Rerun checks for auxiliary files (HO)
(/Users/liezljansenvanrensburg/Library/TinyTeX/texmf-dist/tex/generic/uniquecounter/uniquecounter.sty
Package: uniquecounter 2019/12/15 v1.4 Provide unlimited unique counter (HO)
)
Package uniquecounter Info: New unique counter `rerunfilecheck' on input line 284.
)
\Hy@SectionHShift=\skip81
)
Package hyperref Info: Option `breaklinks' set `true' on input line 79.

Package hyperref Warning: Option `bookmarks' has already been used,
(hyperref)                setting the option has no effect on input line 79.

Package hyperref Info: Option `colorlinks' set `true' on input line 79.
(/Users/liezljansenvanrensburg/Library/TinyTeX/texmf-dist/tex/latex/siunitx/siunitx.sty
Package: siunitx 2026-05-15 v3.5.5 A comprehensive (SI) units package
\l__siunitx_number_uncert_offset_int=\count325
\l__siunitx_number_exponent_fixed_int=\count326
\l__siunitx_number_min_decimal_int=\count327
\l__siunitx_number_min_integer_int=\count328
\l__siunitx_number_round_precision_int=\count329
\l__siunitx_number_lower_threshold_int=\count330
\l__siunitx_number_upper_threshold_int=\count331
\l__siunitx_number_group_first_int=\count332
\l__siunitx_number_group_size_int=\count333
\l__siunitx_number_group_min_int=\count334
\l__siunitx_number_group_minimum_int=\count335
\l__siunitx_compound_count_int=\count336
\l__siunitx_table_tmp_box=\box70
\l__siunitx_table_tmp_dim=\dimen183
\l__siunitx_table_column_width_dim=\dimen184
\l__siunitx_table_integer_box=\box71
\l__siunitx_table_decimal_box=\box72
\l__siunitx_table_uncert_box=\box73
\l__siunitx_table_before_box=\box74
\l__siunitx_table_after_box=\box75
\l__siunitx_table_before_dim=\dimen185
\l__siunitx_table_carry_dim=\dimen186
\l__siunitx_unit_tmp_int=\count337
\l__siunitx_unit_position_int=\count338
\l__siunitx_unit_total_int=\count339
\l__siunitx_sexagesimal_tmp_dim=\dimen187
\l__siunitx_sexagesimal_marker_box=\box76
\l__siunitx_sexagesimal_unit_box=\box77
) (/Users/liezljansenvanrensburg/Library/TinyTeX/texmf-dist/tex/latex/multirow/multirow.sty
Package: multirow 2024/11/12 v2.9 Span multiple rows of a table
\multirow@colwidth=\skip82
\multirow@cntb=\count340
\multirow@dima=\skip83
\bigstrutjot=\dimen188
) (/Users/liezljansenvanrensburg/Library/TinyTeX/texmf-dist/tex/latex/tools/hhline.sty
Package: hhline 2026/05/02 v2.05 Table rule package (DPC)
) (/Users/liezljansenvanrensburg/Library/TinyTeX/texmf-dist/tex/latex/tools/calc.sty
Package: calc 2025/03/01 v4.3b Infix arithmetic (KKT,FJ)
\calc@Acount=\count341
\calc@Bcount=\count342
\calc@Adimen=\dimen189
\calc@Bdimen=\dimen190
\calc@Askip=\skip84
\calc@Bskip=\skip85
LaTeX Info: Redefining \setlength on input line 86.
LaTeX Info: Redefining \addtolength on input line 87.
\calc@Ccount=\count343
\calc@Cskip=\skip86
) (/Users/liezljansenvanrensburg/Library/TinyTeX/texmf-dist/tex/latex/tools/tabularx.sty
Package: tabularx 2023/12/11 v2.12a `tabularx' package (DPC)
\TX@col@width=\dimen191
\TX@old@table=\dimen192
\TX@old@col=\dimen193
\TX@target=\dimen194
\TX@delta=\dimen195
\TX@cols=\count344
\TX@ftn=\toks41
) (/Users/liezljansenvanrensburg/Library/TinyTeX/texmf-dist/tex/latex/booktabs/booktabs.sty
Package: booktabs 2020/01/12 v1.61803398 Publication quality tables
\heavyrulewidth=\dimen196
\lightrulewidth=\dimen197
\cmidrulewidth=\dimen198
\belowrulesep=\dimen199
\belowbottomsep=\dimen256
\aboverulesep=\dimen257
\abovetopsep=\dimen258
\cmidrulesep=\dimen259
\cmidrulekern=\dimen260
\defaultaddspace=\dimen261
\@cmidla=\count345
\@cmidlb=\count346
\@aboverulesep=\dimen262
\@belowrulesep=\dimen263
\@thisruleclass=\count347
\@lastruleclass=\count348
\@thisrulewidth=\dimen264
) (/Users/liezljansenvanrensburg/Library/TinyTeX/texmf-dist/tex/latex/caption/caption.sty
Package: caption 2023/08/05 v3.6o Customizing captions (AR)
(/Users/liezljansenvanrensburg/Library/TinyTeX/texmf-dist/tex/latex/caption/caption3.sty
Package: caption3 2023/07/31 v2.4d caption3 kernel (AR)
\caption@tempdima=\dimen265
\captionmargin=\dimen266
\caption@leftmargin=\dimen267
\caption@rightmargin=\dimen268
\caption@width=\dimen269
\caption@indent=\dimen270
\caption@parindent=\dimen271
\caption@hangindent=\dimen272
Package caption Info: elsarticle document class detected.
(/Users/liezljansenvanrensburg/Library/TinyTeX/texmf-dist/tex/latex/caption/caption-elsarticle.sto
File: caption-elsarticle.sto 2020/08/22 v2.0 Adaption of the caption package to the elsarticle document class (AR)
))
\c@caption@flags=\count349
\c@continuedfloat=\count350
Package caption Info: float package is loaded.
Package caption Info: hyperref package is loaded.
Package caption Info: longtable package is loaded.
(/Users/liezljansenvanrensburg/Library/TinyTeX/texmf-dist/tex/latex/caption/ltcaption.sty
Package: ltcaption 2021/01/08 v1.4c longtable captions (AR)
))
\cslhangindent=\skip87
\csllabelwidth=\skip88
(/Users/liezljansenvanrensburg/Library/TinyTeX/texmf-dist/tex/latex/upquote/upquote.sty
Package: upquote 2012/04/19 v1.3 upright-quote and grave-accent glyphs in verbatim
) (/Users/liezljansenvanrensburg/Library/TinyTeX/texmf-dist/tex/latex/graphics/color.sty
Package: color 2026-05-17 v1.3f Standard LaTeX Color (DPC)
(/Users/liezljansenvanrensburg/Library/TinyTeX/texmf-dist/tex/latex/graphics-cfg/color.cfg
File: color.cfg 2016/01/02 v1.6 sample color configuration
)
Package color Info: Driver file: pdftex.def on input line 149.
(/Users/liezljansenvanrensburg/Library/TinyTeX/texmf-dist/tex/latex/graphics/mathcolor.ltx)) (./25424971Question1.aux

LaTeX Warning: Label `Figure1' multiply defined.


LaTeX Warning: Label `Figure1' multiply defined.


LaTeX Warning: Label `Figure1' multiply defined.


LaTeX Warning: Label `Figure1' multiply defined.


LaTeX Warning: Label `Figure1' multiply defined.


LaTeX Warning: Label `Figure1' multiply defined.


LaTeX Warning: Label `Figure1' multiply defined.

)
\openout1 = `25424971Question1.aux'.

LaTeX Font Info:    Checking defaults for OML/cmm/m/it on input line 188.
LaTeX Font Info:    ... okay on input line 188.
LaTeX Font Info:    Checking defaults for OMS/cmsy/m/n on input line 188.
LaTeX Font Info:    ... okay on input line 188.
LaTeX Font Info:    Checking defaults for OT1/cmr/m/n on input line 188.
LaTeX Font Info:    ... okay on input line 188.
LaTeX Font Info:    Checking defaults for T1/cmr/m/n on input line 188.
LaTeX Font Info:    ... okay on input line 188.
LaTeX Font Info:    Checking defaults for TS1/cmr/m/n on input line 188.
LaTeX Font Info:    ... okay on input line 188.
LaTeX Font Info:    Checking defaults for OMX/cmex/m/n on input line 188.
LaTeX Font Info:    ... okay on input line 188.
LaTeX Font Info:    Checking defaults for U/cmr/m/n on input line 188.
LaTeX Font Info:    ... okay on input line 188.
LaTeX Font Info:    Checking defaults for PD1/pdf/m/n on input line 188.
LaTeX Font Info:    ... okay on input line 188.
LaTeX Font Info:    Checking defaults for PU/pdf/m/n on input line 188.
LaTeX Font Info:    ... okay on input line 188.
(/Users/liezljansenvanrensburg/Library/TinyTeX/texmf-dist/tex/latex/epstopdf-pkg/epstopdf-base.sty
Package: epstopdf-base 2020-01-24 v2.11 Base part for package epstopdf
Package epstopdf-base Info: Redefining graphics rule for `.eps' on input line 485.
(/Users/liezljansenvanrensburg/Library/TinyTeX/texmf-dist/tex/latex/latexconfig/epstopdf-sys.cfg
File: epstopdf-sys.cfg 2010/07/13 v1.3 Configuration of (r)epstopdf for TeX Live
))
*geometry* driver: auto-detecting
*geometry* detected driver: pdftex
*geometry* verbose mode - [ preamble ] result:
* driver: pdftex
* paper: <default>
* layout: <same size as paper>
* layoutoffset:(h,v)=(0.0pt,0.0pt)
* modes: includefoot 
* h-part:(L,W,R)=(65.44142pt, 483.41216pt, 65.44142pt)
* v-part:(T,H,B)=(71.13188pt, 666.9326pt, 56.9055pt)
* \paperwidth=614.295pt
* \paperheight=794.96999pt
* \textwidth=483.41216pt
* \textheight=636.9326pt
* \oddsidemargin=-6.82857pt
* \evensidemargin=-6.82857pt
* \topmargin=-38.1381pt
* \headheight=12.0pt
* \headsep=25.0pt
* \topskip=11.0pt
* \footskip=30.0pt
* \marginparwidth=59.0pt
* \marginparsep=10.0pt
* \columnsep=10.0pt
* \skip\footins=24.0pt
* \hoffset=0.0pt
* \voffset=0.0pt
* \mag=1000
* \@twocolumnfalse
* \@twosidefalse
* \@mparswitchfalse
* \@reversemarginfalse
* (1in=72.27pt=25.4mm, 1cm=28.453pt)

Package hyperref Info: Link coloring ON on input line 188.
(./25424971Question1.out) (./25424971Question1.out)
\@outlinefile=\write4
\openout4 = `25424971Question1.out'.

Package caption Info: Begin \AtBeginDocument code.
Package caption Info: End \AtBeginDocument code.
LaTeX Font Info:    Trying to load font information for OT1+lmr on input line 219.
(/Users/liezljansenvanrensburg/Library/TinyTeX/texmf-dist/tex/latex/lm/ot1lmr.fd
File: ot1lmr.fd 2015/05/01 v1.6.1 Font defs for Latin Modern
)
LaTeX Font Info:    Trying to load font information for OML+lmm on input line 219.
(/Users/liezljansenvanrensburg/Library/TinyTeX/texmf-dist/tex/latex/lm/omllmm.fd
File: omllmm.fd 2015/05/01 v1.6.1 Font defs for Latin Modern
)
LaTeX Font Info:    Trying to load font information for OMS+lmsy on input line 219.
(/Users/liezljansenvanrensburg/Library/TinyTeX/texmf-dist/tex/latex/lm/omslmsy.fd
File: omslmsy.fd 2015/05/01 v1.6.1 Font defs for Latin Modern
)
LaTeX Font Info:    Trying to load font information for OMX+lmex on input line 219.
(/Users/liezljansenvanrensburg/Library/TinyTeX/texmf-dist/tex/latex/lm/omxlmex.fd
File: omxlmex.fd 2015/05/01 v1.6.1 Font defs for Latin Modern
)
LaTeX Font Info:    External font `lmex10' loaded for size
(Font)              <9> on input line 219.
LaTeX Font Info:    External font `lmex10' loaded for size
(Font)              <6> on input line 219.
LaTeX Font Info:    External font `lmex10' loaded for size
(Font)              <5> on input line 219.
LaTeX Font Info:    Trying to load font information for U+msa on input line 219.
(/Users/liezljansenvanrensburg/Library/TinyTeX/texmf-dist/tex/latex/amsfonts/umsa.fd
File: umsa.fd 2013/01/14 v3.01 AMS symbols A
)
LaTeX Font Info:    Trying to load font information for U+msb on input line 219.
(/Users/liezljansenvanrensburg/Library/TinyTeX/texmf-dist/tex/latex/amsfonts/umsb.fd
File: umsb.fd 2013/01/14 v3.01 AMS symbols B
)
LaTeX Font Info:    Trying to load font information for T1+lmtt on input line 219.
(/Users/liezljansenvanrensburg/Library/TinyTeX/texmf-dist/tex/latex/lm/t1lmtt.fd
File: t1lmtt.fd 2015/05/01 v1.6.1 Font defs for Latin Modern
)
LaTeX Font Info:    External font `lmex10' loaded for size
(Font)              <10.95> on input line 219.
LaTeX Font Info:    External font `lmex10' loaded for size
(Font)              <8> on input line 219.
<25424971Question1_files/figure-latex/unnamed-chunk-2-1.png, id=48, 505.89pt x 361.35pt>
File: 25424971Question1_files/figure-latex/unnamed-chunk-2-1.png Graphic file (type png)
<use 25424971Question1_files/figure-latex/unnamed-chunk-2-1.png>
Package pdftex.def Info: 25424971Question1_files/figure-latex/unnamed-chunk-2-1.png  used on input line 265.
(pdftex.def)             Requested size: 505.88875pt x 361.34912pt.

Overfull \hbox (22.4766pt too wide) in paragraph at lines 265--266
 [][] 
 []

[1


{/Users/liezljansenvanrensburg/Library/TinyTeX/texmf-var/fonts/map/pdftex/updmap/pdftex.map}{/Users/liezljansenvanrensburg/Library/TinyTeX/texmf-dist/fonts/enc/dvips/lm/lm-ec.enc}]
<25424971Question1_files/figure-latex/unnamed-chunk-3-1.png, id=62, 505.89pt x 361.35pt>
File: 25424971Question1_files/figure-latex/unnamed-chunk-3-1.png Graphic file (type png)
<use 25424971Question1_files/figure-latex/unnamed-chunk-3-1.png>
Package pdftex.def Info: 25424971Question1_files/figure-latex/unnamed-chunk-3-1.png  used on input line 279.
(pdftex.def)             Requested size: 505.88875pt x 361.34912pt.

Overfull \hbox (22.4766pt too wide) in paragraph at lines 279--280
 [][] 
 []

[2 <./25424971Question1_files/figure-latex/unnamed-chunk-2-1.png>]
<25424971Question1_files/figure-latex/unnamed-chunk-5-1.png, id=73, 505.89pt x 361.35pt>
File: 25424971Question1_files/figure-latex/unnamed-chunk-5-1.png Graphic file (type png)
<use 25424971Question1_files/figure-latex/unnamed-chunk-5-1.png>
Package pdftex.def Info: 25424971Question1_files/figure-latex/unnamed-chunk-5-1.png  used on input line 295.
(pdftex.def)             Requested size: 505.88875pt x 361.34912pt.

Overfull \hbox (22.4766pt too wide) in paragraph at lines 295--296
 [][] 
 []

[3 <./25424971Question1_files/figure-latex/unnamed-chunk-3-1.png>]
<25424971Question1_files/figure-latex/unnamed-chunk-7-1.png, id=84, 505.89pt x 361.35pt>
File: 25424971Question1_files/figure-latex/unnamed-chunk-7-1.png Graphic file (type png)
<use 25424971Question1_files/figure-latex/unnamed-chunk-7-1.png>
Package pdftex.def Info: 25424971Question1_files/figure-latex/unnamed-chunk-7-1.png  used on input line 316.
(pdftex.def)             Requested size: 505.88875pt x 361.34912pt.

Overfull \hbox (22.4766pt too wide) in paragraph at lines 316--317
 [][] 
 []

[4 <./25424971Question1_files/figure-latex/unnamed-chunk-5-1.png>]
<25424971Question1_files/figure-latex/unnamed-chunk-8-1.png, id=95, 505.89pt x 361.35pt>
File: 25424971Question1_files/figure-latex/unnamed-chunk-8-1.png Graphic file (type png)
<use 25424971Question1_files/figure-latex/unnamed-chunk-8-1.png>
Package pdftex.def Info: 25424971Question1_files/figure-latex/unnamed-chunk-8-1.png  used on input line 332.
(pdftex.def)             Requested size: 505.88875pt x 361.34912pt.

Overfull \hbox (22.4766pt too wide) in paragraph at lines 332--333
 [][] 
 []

[5 <./25424971Question1_files/figure-latex/unnamed-chunk-7-1.png>]
<25424971Question1_files/figure-latex/unnamed-chunk-9-1.png, id=106, 505.89pt x 361.35pt>
File: 25424971Question1_files/figure-latex/unnamed-chunk-9-1.png Graphic file (type png)
<use 25424971Question1_files/figure-latex/unnamed-chunk-9-1.png>
Package pdftex.def Info: 25424971Question1_files/figure-latex/unnamed-chunk-9-1.png  used on input line 347.
(pdftex.def)             Requested size: 505.88875pt x 361.34912pt.

Overfull \hbox (22.4766pt too wide) in paragraph at lines 347--348
 [][] 
 []

[6 <./25424971Question1_files/figure-latex/unnamed-chunk-8-1.png>]
<25424971Question1_files/figure-latex/unnamed-chunk-10-1.png, id=117, 505.89pt x 361.35pt>
File: 25424971Question1_files/figure-latex/unnamed-chunk-10-1.png Graphic file (type png)
<use 25424971Question1_files/figure-latex/unnamed-chunk-10-1.png>
Package pdftex.def Info: 25424971Question1_files/figure-latex/unnamed-chunk-10-1.png  used on input line 363.
(pdftex.def)             Requested size: 505.88875pt x 361.34912pt.

Overfull \hbox (22.4766pt too wide) in paragraph at lines 363--364
 [][] 
 []

[7 <./25424971Question1_files/figure-latex/unnamed-chunk-9-1.png>]
<25424971Question1_files/figure-latex/unnamed-chunk-11-1.png, id=129, 505.89pt x 361.35pt>
File: 25424971Question1_files/figure-latex/unnamed-chunk-11-1.png Graphic file (type png)
<use 25424971Question1_files/figure-latex/unnamed-chunk-11-1.png>
Package pdftex.def Info: 25424971Question1_files/figure-latex/unnamed-chunk-11-1.png  used on input line 380.
(pdftex.def)             Requested size: 505.88875pt x 361.34912pt.

Overfull \hbox (22.4766pt too wide) in paragraph at lines 380--381
 [][] 
 []

[8 <./25424971Question1_files/figure-latex/unnamed-chunk-10-1.png>]
No file 25424971Question1.bbl.
[9 <./25424971Question1_files/figure-latex/unnamed-chunk-11-1.png>] (./25424971Question1.aux)
 ***********
LaTeX2e <2026-06-01>
L3 programming layer <2026-05-26>
 ***********

LaTeX Warning: There were multiply-defined labels.

Package rerunfilecheck Info: File `25424971Question1.out' has not changed.
(rerunfilecheck)             Checksum: 66E63D350E2655332BB3F1DCFE61E741;2413.
 ) 
Here is how much of TeX's memory you used:
 16971 strings out of 469096
 328372 string characters out of 5455734
 701328 words of memory out of 5000000
 45721 multiletter control sequences out of 15000+600000
 676328 words of font info for 77 fonts, out of 8000000 for 9000
 36 hyphenation exceptions out of 8191
 74i,11n,79p,554b,1034s stack positions out of 10000i,1000n,20000p,200000b,200000s
</Users/liezljansenvanrensburg/Library/TinyTeX/texmf-dist/fonts/type1/public/lm/lmbx10.pfb></Users/liezljansenvanrensburg/Library/TinyTeX/texmf-dist/fonts/type1/public/lm/lmr10.pfb></Users/liezljansenvanrensburg/Library/TinyTeX/texmf-dist/fonts/type1/public/lm/lmr12.pfb></Users/liezljansenvanrensburg/Library/TinyTeX/texmf-dist/fonts/type1/public/lm/lmr8.pfb></Users/liezljansenvanrensburg/Library/TinyTeX/texmf-dist/fonts/type1/public/lm/lmr9.pfb></Users/liezljansenvanrensburg/Library/TinyTeX/texmf-dist/fonts/type1/public/lm/lmri10.pfb></Users/liezljansenvanrensburg/Library/TinyTeX/texmf-dist/fonts/type1/public/lm/lmri9.pfb></Users/liezljansenvanrensburg/Library/TinyTeX/texmf-dist/fonts/type1/public/lm/lmtt9.pfb>
Output written on 25424971Question1.pdf (9 pages, 231515 bytes).
PDF statistics:
 196 PDF objects out of 1000 (max. 8388607)
 150 compressed objects within 2 object streams
 29 named destinations out of 1000 (max. 500000)
 129 words of extra memory for PDF output out of 10000 (max. 10000000)

